<?xml version="1.0" encoding="UTF-8"?>
<!-- Generated by org.testng.reporters.JUnitReportReporter -->
<testsuite skipped="0" hostname="DESKTOP-UU05SLA" name="test.ApprovedTimesheetsTest" tests="2" failures="0" timestamp="2020-06-01T06:49:34 IST" time="11.370" errors="0">
  <testcase name="verifyCreateTimesheet" time="7.126" classname="test.ApprovedTimesheetsTest"/>
  <testcase name="approved" time="4.244" classname="test.ApprovedTimesheetsTest"/>
</testsuite> <!-- test.ApprovedTimesheetsTest -->
