<?xml version="1.0" encoding="UTF-8"?>
<!-- Generated by org.testng.reporters.JUnitReportReporter -->
<testsuite skipped="0" hostname="DESKTOP-UU05SLA" name="test.TimesheetTest" tests="1" failures="0" timestamp="2020-05-31T23:42:09 IST" time="15.987" errors="0">
  <testcase name="verifyTimeSheet" time="15.987" classname="test.TimesheetTest"/>
</testsuite> <!-- test.TimesheetTest -->
