<?xml version="1.0" encoding="UTF-8"?>
<!-- Generated by org.testng.reporters.JUnitReportReporter -->
<testsuite skipped="0" hostname="DESKTOP-UU05SLA" name="test.PendingTimesheetsTest" tests="2" failures="0" timestamp="2020-06-01T06:29:00 IST" time="64.573" errors="0">
  <testcase name="verifyCreateTimesheet" time="9.533" classname="test.PendingTimesheetsTest"/>
  <testcase name="pend" time="55.040" classname="test.PendingTimesheetsTest"/>
</testsuite> <!-- test.PendingTimesheetsTest -->
